<?xml version="1.0" encoding="UTF-8"?>
<!-- Generated by org.testng.reporters.JUnitReportReporter -->
<testsuite hostname="DESKTOP-GGQ6OF8" failures="0" tests="1" name="com.parabank.Testlayer.LoginpageTest" time="6.091" errors="0" timestamp="2024-08-15T23:21:41 IST" skipped="0">
  <testcase classname="com.parabank.Testlayer.LoginpageTest" name="validateloginfunctionality" time="6.091"/>
</testsuite> <!-- com.parabank.Testlayer.LoginpageTest -->
