<?xml version="1.0" encoding="UTF-8"?>
<!-- Generated by org.testng.reporters.JUnitReportReporter -->
<testsuite hostname="DESKTOP-GGQ6OF8" failures="0" tests="1" name="com.parabank.Testlayer.RegistrationTest" time="16.792" errors="0" timestamp="2024-08-15T23:21:41 IST" skipped="0">
  <testcase classname="com.parabank.Testlayer.RegistrationTest" name="validateregistration" time="16.792"/>
</testsuite> <!-- com.parabank.Testlayer.RegistrationTest -->
