<?xml version="1.0" encoding="UTF-8"?>
<!-- Generated by org.testng.reporters.JUnitReportReporter -->
<testsuite hostname="DESKTOP-GGQ6OF8" failures="0" tests="1" name="com.parabank.Testlayer.ProductTest" time="10.853" errors="0" timestamp="2024-08-05T12:12:33 IST" skipped="0">
  <testcase classname="com.parabank.Testlayer.ProductTest" name="validateproducttest" time="10.853"/>
</testsuite> <!-- com.parabank.Testlayer.ProductTest -->
